<?xml version="1.0" encoding="UTF-8"?>
<!-- Generated by org.testng.reporters.JUnitXMLReporter -->
<testsuite hostname="DESKTOP-2RU3L8F" ignored="2" name="Test" tests="4" failures="0" timestamp="04 Apr 2019 18:16:27 GMT" time="15.523" errors="0">
  <testcase name="Home" time="0.034" classname="tests.FunctionalTest"/>
  <testcase name="LoginFail" time="2.405" classname="tests.NegativeTest"/>
  <testcase name="RegistrationFails" time="3.197" classname="tests.FunctionalTest"/>
  <testcase name="Login" time="2.575" classname="tests.FunctionalTest"/>
  <testcase name="@AfterTest TeardownTest" time="0.0" classname="tests.TestBase">
    <ignored/>
  </testcase> <!-- @AfterTest TeardownTest -->
  <testcase name="@BeforeTest initialize" time="0.0" classname="tests.TestBase">
    <ignored/>
  </testcase> <!-- @BeforeTest initialize -->
</testsuite> <!-- Test -->
