<?xml version="1.0" encoding="UTF-8"?>
<!-- Generated by org.testng.reporters.JUnitXMLReporter -->
<testsuite hostname="DESKTOP-2RU3L8F" ignored="0" name="Test" tests="1" failures="1" timestamp="05 Apr 2019 20:40:47 GMT" time="9.215" errors="0">
  <testcase name="SearchTheProduct" time="0.059" classname="tests.AddToCart">
    <failure type="java.lang.ClassCastException" message="java.util.ArrayList cannot be cast to org.openqa.selenium.WebElement">
      <![CDATA[java.lang.ClassCastException: java.util.ArrayList cannot be cast to org.openqa.selenium.WebElement
at tests.AddToCart.SearchTheProduct(AddToCart.java:17)
... Removed 29 stack frames]]>
    </failure>
  </testcase> <!-- SearchTheProduct -->
</testsuite> <!-- Test -->
