<?xml version="1.0" encoding="UTF-8"?>
<testsuite xmlns:xsi="http://www.w3.org/2001/XMLSchema-instance" xsi:noNamespaceSchemaLocation="https://maven.apache.org/surefire/maven-surefire-plugin/xsd/surefire-test-report-3.0.xsd" version="3.0" name="TestSuite" time="15.996" tests="4" errors="0" skipped="0" failures="0">
  <properties>
[...]
</properties>
  <testcase name="Home" classname="tests.FunctionalTest" time="0.045"/>
  <testcase name="LoginFail" classname="tests.NegativeTest" time="2.404"/>
  <testcase name="RegistrationFails" classname="tests.FunctionalTest" time="3.198"/>
  <testcase name="Login" classname="tests.FunctionalTest" time="2.576"/>
</testsuite>