<?xml version="1.0" encoding="UTF-8"?>
<testng-results skipped="0" failed="0" ignored="2" total="6" passed="4">
  <reporter-output>
  </reporter-output>
  <suite name="Suite" duration-ms="15523" started-at="2019-04-04T18:16:11Z" finished-at="2019-04-04T18:16:27Z">
    <groups>
    </groups>
    <test name="Test" duration-ms="15523" started-at="2019-04-04T18:16:11Z" finished-at="2019-04-04T18:16:27Z">
      <class name="tests.NegativeTest">
        <test-method status="PASS" signature="LoginFail()[pri:0, instance:tests.NegativeTest@531be3c5]" name="LoginFail" duration-ms="2405" started-at="2019-04-04T18:16:18Z" finished-at="2019-04-04T18:16:21Z">
          <reporter-output>
          </reporter-output>
        </test-method> <!-- LoginFail -->
      </class> <!-- tests.NegativeTest -->
      <class name="tests.FunctionalTest">
        <test-method status="PASS" signature="initialize()[pri:0, instance:tests.FunctionalTest@3551a94]" name="initialize" is-config="true" duration-ms="6610" started-at="2019-04-04T18:16:11Z" finished-at="2019-04-04T18:16:18Z">
          <reporter-output>
          </reporter-output>
        </test-method> <!-- initialize -->
        <test-method status="PASS" signature="Home()[pri:0, instance:tests.FunctionalTest@3551a94]" name="Home" duration-ms="34" started-at="2019-04-04T18:16:18Z" finished-at="2019-04-04T18:16:18Z">
          <reporter-output>
          </reporter-output>
        </test-method> <!-- Home -->
        <test-method status="PASS" signature="RegistrationFails()[pri:1, instance:tests.FunctionalTest@3551a94]" name="RegistrationFails" duration-ms="3197" started-at="2019-04-04T18:16:21Z" finished-at="2019-04-04T18:16:24Z">
          <reporter-output>
          </reporter-output>
        </test-method> <!-- RegistrationFails -->
        <test-method status="PASS" signature="Login()[pri:2, instance:tests.FunctionalTest@3551a94]" name="Login" duration-ms="2575" started-at="2019-04-04T18:16:24Z" finished-at="2019-04-04T18:16:26Z">
          <reporter-output>
          </reporter-output>
        </test-method> <!-- Login -->
        <test-method status="PASS" signature="TeardownTest()[pri:0, instance:tests.FunctionalTest@3551a94]" name="TeardownTest" is-config="true" duration-ms="672" started-at="2019-04-04T18:16:26Z" finished-at="2019-04-04T18:16:27Z">
          <reporter-output>
          </reporter-output>
        </test-method> <!-- TeardownTest -->
      </class> <!-- tests.FunctionalTest -->
    </test> <!-- Test -->
  </suite> <!-- Suite -->
</testng-results>
